[ Jan 24 2011 20:56:13 ] [var/ezflow_site/cache/translation/7b17d1ef60fcca041f2825487e0c44d1/eng-US/c289b3ed89e7dee8a3a352a77b308232.php]
[ Jan 24 2011 20:56:13 ] [var/ezflow_site/cache/translation/7b17d1ef60fcca041f2825487e0c44d1/eng-US/c289b3ed89e7dee8a3a352a77b308232.php]
[ Jan 24 2011 20:56:13 ] [var/ezflow_site/cache/translation/7b17d1ef60fcca041f2825487e0c44d1/eng-US/c289b3ed89e7dee8a3a352a77b308232.php]
[ Jan 24 2011 20:56:13 ] [var/ezflow_site/cache/translation/7b17d1ef60fcca041f2825487e0c44d1/eng-US/c289b3ed89e7dee8a3a352a77b308232.php]
[ Jan 24 2011 20:56:13 ] [var/ezflow_site/cache/translation/7b17d1ef60fcca041f2825487e0c44d1/eng-US/c289b3ed89e7dee8a3a352a77b308232.php]
[ Jan 24 2011 20:56:13 ] [var/ezflow_site/cache/translation/7b17d1ef60fcca041f2825487e0c44d1/eng-US/c289b3ed89e7dee8a3a352a77b308232.php]
[ Jan 24 2011 20:56:17 ] [var/ezflow_site/cache/translation/7b17d1ef60fcca041f2825487e0c44d1/eng-US/c289b3ed89e7dee8a3a352a77b308232.php]
[ Jan 24 2011 20:56:17 ] [var/ezflow_site/cache/translation/7b17d1ef60fcca041f2825487e0c44d1/eng-US/c289b3ed89e7dee8a3a352a77b308232.php]
[ Jan 24 2011 20:56:17 ] [var/ezflow_site/cache/translation/7b17d1ef60fcca041f2825487e0c44d1/eng-US/c289b3ed89e7dee8a3a352a77b308232.php]
[ Jan 24 2011 20:56:17 ] [var/ezflow_site/cache/translation/7b17d1ef60fcca041f2825487e0c44d1/eng-US/c289b3ed89e7dee8a3a352a77b308232.php]
[ Jan 24 2011 20:56:17 ] [var/ezflow_site/cache/translation/7b17d1ef60fcca041f2825487e0c44d1/eng-US/c289b3ed89e7dee8a3a352a77b308232.php]
[ Jan 24 2011 20:56:17 ] [var/ezflow_site/cache/translation/7b17d1ef60fcca041f2825487e0c44d1/eng-US/c289b3ed89e7dee8a3a352a77b308232.php]
[ Jan 24 2011 20:56:17 ] [var/ezflow_site/cache/translation/7b17d1ef60fcca041f2825487e0c44d1/eng-US/c289b3ed89e7dee8a3a352a77b308232.php]
[ Jan 24 2011 20:56:17 ] [var/ezflow_site/cache/translation/7b17d1ef60fcca041f2825487e0c44d1/eng-US/c289b3ed89e7dee8a3a352a77b308232.php]
[ Jan 24 2011 20:56:17 ] [var/ezflow_site/cache/translation/7b17d1ef60fcca041f2825487e0c44d1/eng-US/c289b3ed89e7dee8a3a352a77b308232.php]
[ Jan 24 2011 20:56:17 ] [var/ezflow_site/cache/translation/7b17d1ef60fcca041f2825487e0c44d1/eng-US/c289b3ed89e7dee8a3a352a77b308232.php]
[ Jan 24 2011 20:56:17 ] [var/ezflow_site/cache/translation/7b17d1ef60fcca041f2825487e0c44d1/eng-US/c289b3ed89e7dee8a3a352a77b308232.php]
[ Jan 24 2011 20:56:17 ] [var/ezflow_site/cache/translation/7b17d1ef60fcca041f2825487e0c44d1/eng-US/c289b3ed89e7dee8a3a352a77b308232.php]
[ Jan 24 2011 20:56:17 ] [var/ezflow_site/cache/translation/7b17d1ef60fcca041f2825487e0c44d1/eng-US/c289b3ed89e7dee8a3a352a77b308232.php]
[ Jan 24 2011 20:56:26 ] [var/ezflow_site/cache/translation/7b17d1ef60fcca041f2825487e0c44d1/eng-US/c289b3ed89e7dee8a3a352a77b308232.php]
[ Jan 24 2011 20:56:26 ] [var/ezflow_site/cache/translation/7b17d1ef60fcca041f2825487e0c44d1/eng-US/c289b3ed89e7dee8a3a352a77b308232.php]
[ Jan 24 2011 20:56:26 ] [var/ezflow_site/cache/translation/7b17d1ef60fcca041f2825487e0c44d1/eng-US/c289b3ed89e7dee8a3a352a77b308232.php]
[ Jan 24 2011 20:56:26 ] [var/ezflow_site/cache/translation/7b17d1ef60fcca041f2825487e0c44d1/eng-US/c289b3ed89e7dee8a3a352a77b308232.php]
[ Jan 24 2011 20:56:26 ] [var/ezflow_site/cache/template/compiled/sitemap-7b29495a42537016e38c915e937d3ea4.php]
[ Jan 24 2011 20:56:26 ] [var/ezflow_site/cache/translation/7b17d1ef60fcca041f2825487e0c44d1/eng-US/c289b3ed89e7dee8a3a352a77b308232.php]
[ Jan 24 2011 20:56:26 ] [var/ezflow_site/cache/translation/7b17d1ef60fcca041f2825487e0c44d1/eng-US/c289b3ed89e7dee8a3a352a77b308232.php]
[ Jan 24 2011 20:56:26 ] [var/ezflow_site/cache/translation/7b17d1ef60fcca041f2825487e0c44d1/eng-US/c289b3ed89e7dee8a3a352a77b308232.php]
[ Jan 24 2011 20:56:26 ] [var/ezflow_site/cache/translation/7b17d1ef60fcca041f2825487e0c44d1/eng-US/c289b3ed89e7dee8a3a352a77b308232.php]
[ Jan 24 2011 20:56:26 ] [var/ezflow_site/cache/translation/7b17d1ef60fcca041f2825487e0c44d1/eng-US/c289b3ed89e7dee8a3a352a77b308232.php]
[ Jan 24 2011 20:56:26 ] [var/ezflow_site/cache/translation/7b17d1ef60fcca041f2825487e0c44d1/eng-US/c289b3ed89e7dee8a3a352a77b308232.php]
[ Jan 24 2011 20:56:26 ] [var/ezflow_site/cache/translation/7b17d1ef60fcca041f2825487e0c44d1/eng-US/c289b3ed89e7dee8a3a352a77b308232.php]
[ Jan 24 2011 20:56:26 ] [var/ezflow_site/cache/translation/7b17d1ef60fcca041f2825487e0c44d1/eng-US/c289b3ed89e7dee8a3a352a77b308232.php]
[ Jan 24 2011 20:56:26 ] [var/ezflow_site/cache/translation/7b17d1ef60fcca041f2825487e0c44d1/eng-US/c289b3ed89e7dee8a3a352a77b308232.php]
[ Jan 24 2011 20:56:27 ] [var/ezflow_site/cache/translation/7b17d1ef60fcca041f2825487e0c44d1/eng-US/c289b3ed89e7dee8a3a352a77b308232.php]
[ Jan 24 2011 20:57:04 ] [var/cache/ini/transform-a20fc5da0fa3cec9ace0d913d8f1f9cd.php]
[ Jan 24 2011 20:57:04 ] [var/ezflow_site/cache/trans/g-search-1924056142-utf-8.ctt.php]
[ Jan 24 2011 20:57:04 ] [var/ezflow_site/cache/translation/7b17d1ef60fcca041f2825487e0c44d1/eng-US/c289b3ed89e7dee8a3a352a77b308232.php]
[ Jan 24 2011 20:57:04 ] [var/ezflow_site/cache/translation/7b17d1ef60fcca041f2825487e0c44d1/eng-US/c289b3ed89e7dee8a3a352a77b308232.php]
[ Jan 24 2011 20:57:04 ] [var/ezflow_site/cache/translation/7b17d1ef60fcca041f2825487e0c44d1/eng-US/c289b3ed89e7dee8a3a352a77b308232.php]
[ Jan 24 2011 20:57:05 ] [var/ezflow_site/cache/translation/7b17d1ef60fcca041f2825487e0c44d1/eng-US/c289b3ed89e7dee8a3a352a77b308232.php]
[ Jan 24 2011 20:57:05 ] [var/ezflow_site/cache/translation/7b17d1ef60fcca041f2825487e0c44d1/eng-US/c289b3ed89e7dee8a3a352a77b308232.php]
[ Jan 24 2011 20:57:05 ] [var/ezflow_site/cache/translation/7b17d1ef60fcca041f2825487e0c44d1/eng-US/c289b3ed89e7dee8a3a352a77b308232.php]
[ Jan 24 2011 20:57:05 ] [var/ezflow_site/cache/translation/7b17d1ef60fcca041f2825487e0c44d1/eng-US/c289b3ed89e7dee8a3a352a77b308232.php]
[ Jan 24 2011 20:57:05 ] [var/ezflow_site/cache/translation/7b17d1ef60fcca041f2825487e0c44d1/eng-US/c289b3ed89e7dee8a3a352a77b308232.php]
[ Jan 24 2011 20:57:05 ] [var/ezflow_site/cache/translation/7b17d1ef60fcca041f2825487e0c44d1/eng-US/c289b3ed89e7dee8a3a352a77b308232.php]
[ Jan 24 2011 20:57:05 ] [var/ezflow_site/cache/translation/7b17d1ef60fcca041f2825487e0c44d1/eng-US/c289b3ed89e7dee8a3a352a77b308232.php]
[ Jan 24 2011 20:57:05 ] [var/ezflow_site/cache/translation/7b17d1ef60fcca041f2825487e0c44d1/eng-US/c289b3ed89e7dee8a3a352a77b308232.php]
[ Jan 24 2011 20:57:08 ] [var/ezflow_site/cache/template/compiled/search-dc69a0cbef0fea9e91cbb96d7bf2da29.php]
[ Jan 24 2011 20:57:08 ] [var/ezflow_site/cache/template/compiled/folder-f32333b692639769360f9a72a96ecce6.php]
[ Jan 24 2011 20:57:08 ] [var/ezflow_site/cache/translation/7b17d1ef60fcca041f2825487e0c44d1/eng-US/c289b3ed89e7dee8a3a352a77b308232.php]
[ Jan 24 2011 20:57:08 ] [var/ezflow_site/cache/translation/7b17d1ef60fcca041f2825487e0c44d1/eng-US/c289b3ed89e7dee8a3a352a77b308232.php]
[ Jan 24 2011 20:57:08 ] [var/ezflow_site/cache/trans/g-lowercase-635518252-utf-8.ctt.php]
[ Jan 24 2011 20:57:08 ] [var/ezflow_site/cache/translation/7b17d1ef60fcca041f2825487e0c44d1/eng-US/c289b3ed89e7dee8a3a352a77b308232.php]
[ Jan 24 2011 20:57:08 ] [var/ezflow_site/cache/translation/7b17d1ef60fcca041f2825487e0c44d1/eng-US/c289b3ed89e7dee8a3a352a77b308232.php]
[ Jan 24 2011 20:57:08 ] [var/ezflow_site/cache/translation/7b17d1ef60fcca041f2825487e0c44d1/eng-US/c289b3ed89e7dee8a3a352a77b308232.php]
[ Jan 24 2011 20:57:08 ] [var/ezflow_site/cache/translation/7b17d1ef60fcca041f2825487e0c44d1/eng-US/c289b3ed89e7dee8a3a352a77b308232.php]
[ Jan 24 2011 20:57:08 ] [var/ezflow_site/cache/translation/7b17d1ef60fcca041f2825487e0c44d1/eng-US/c289b3ed89e7dee8a3a352a77b308232.php]
[ Jan 24 2011 20:57:08 ] [var/ezflow_site/cache/translation/7b17d1ef60fcca041f2825487e0c44d1/eng-US/c289b3ed89e7dee8a3a352a77b308232.php]
[ Jan 24 2011 20:57:08 ] [var/ezflow_site/cache/translation/7b17d1ef60fcca041f2825487e0c44d1/eng-US/c289b3ed89e7dee8a3a352a77b308232.php]
[ Jan 24 2011 20:57:08 ] [var/ezflow_site/cache/translation/7b17d1ef60fcca041f2825487e0c44d1/eng-US/c289b3ed89e7dee8a3a352a77b308232.php]
[ Jan 24 2011 20:57:08 ] [var/ezflow_site/cache/translation/7b17d1ef60fcca041f2825487e0c44d1/eng-US/c289b3ed89e7dee8a3a352a77b308232.php]
[ Jan 24 2011 20:57:08 ] [var/ezflow_site/cache/translation/7b17d1ef60fcca041f2825487e0c44d1/eng-US/c289b3ed89e7dee8a3a352a77b308232.php]
[ Jan 24 2011 20:57:08 ] [var/ezflow_site/cache/translation/7b17d1ef60fcca041f2825487e0c44d1/eng-US/c289b3ed89e7dee8a3a352a77b308232.php]
[ Jan 24 2011 20:57:11 ] [var/ezflow_site/cache/translation/7b17d1ef60fcca041f2825487e0c44d1/eng-US/c289b3ed89e7dee8a3a352a77b308232.php]
[ Jan 24 2011 20:57:11 ] [var/ezflow_site/cache/translation/7b17d1ef60fcca041f2825487e0c44d1/eng-US/c289b3ed89e7dee8a3a352a77b308232.php]
[ Jan 24 2011 20:57:11 ] [var/ezflow_site/cache/translation/7b17d1ef60fcca041f2825487e0c44d1/eng-US/c289b3ed89e7dee8a3a352a77b308232.php]
[ Jan 24 2011 20:57:11 ] [var/ezflow_site/cache/translation/7b17d1ef60fcca041f2825487e0c44d1/eng-US/c289b3ed89e7dee8a3a352a77b308232.php]
[ Jan 24 2011 20:57:11 ] [var/ezflow_site/cache/translation/7b17d1ef60fcca041f2825487e0c44d1/eng-US/c289b3ed89e7dee8a3a352a77b308232.php]
[ Jan 24 2011 20:57:11 ] [var/ezflow_site/cache/translation/7b17d1ef60fcca041f2825487e0c44d1/eng-US/c289b3ed89e7dee8a3a352a77b308232.php]
[ Jan 24 2011 20:57:11 ] [var/ezflow_site/cache/translation/7b17d1ef60fcca041f2825487e0c44d1/eng-US/c289b3ed89e7dee8a3a352a77b308232.php]
[ Jan 25 2011 07:11:48 ] [var/ezflow_site/cache/translation/7b17d1ef60fcca041f2825487e0c44d1/eng-US/c289b3ed89e7dee8a3a352a77b308232.php]
[ Jan 25 2011 07:11:48 ] [var/ezflow_site/cache/translation/7b17d1ef60fcca041f2825487e0c44d1/eng-US/c289b3ed89e7dee8a3a352a77b308232.php]
[ Jan 25 2011 07:11:48 ] [var/ezflow_site/cache/translation/7b17d1ef60fcca041f2825487e0c44d1/eng-US/c289b3ed89e7dee8a3a352a77b308232.php]
[ Jan 25 2011 07:11:48 ] [var/ezflow_site/cache/translation/7b17d1ef60fcca041f2825487e0c44d1/eng-US/c289b3ed89e7dee8a3a352a77b308232.php]
[ Jan 25 2011 07:11:48 ] [var/ezflow_site/cache/translation/7b17d1ef60fcca041f2825487e0c44d1/eng-US/c289b3ed89e7dee8a3a352a77b308232.php]
[ Jan 25 2011 07:11:48 ] [var/ezflow_site/cache/translation/7b17d1ef60fcca041f2825487e0c44d1/eng-US/c289b3ed89e7dee8a3a352a77b308232.php]
[ Jan 25 2011 07:11:48 ] [var/ezflow_site/cache/translation/7b17d1ef60fcca041f2825487e0c44d1/eng-US/c289b3ed89e7dee8a3a352a77b308232.php]
[ Jan 25 2011 07:11:49 ] [var/ezflow_site/cache/translation/7b17d1ef60fcca041f2825487e0c44d1/eng-US/c289b3ed89e7dee8a3a352a77b308232.php]
[ Jan 25 2011 07:11:50 ] [var/ezflow_site/cache/translation/7b17d1ef60fcca041f2825487e0c44d1/eng-US/c289b3ed89e7dee8a3a352a77b308232.php]
[ Jan 25 2011 07:11:50 ] [var/ezflow_site/cache/translation/7b17d1ef60fcca041f2825487e0c44d1/eng-US/c289b3ed89e7dee8a3a352a77b308232.php]
[ Jan 25 2011 07:11:51 ] [var/ezflow_site/cache/translation/7b17d1ef60fcca041f2825487e0c44d1/eng-US/c289b3ed89e7dee8a3a352a77b308232.php]
